[   19272ms] [ERROR] Warning: React has detected a change in the order of Hooks called by %s. This will lead to bugs and errors if not fixed. For more information, read the Rules of Hooks: https://reactjs.org/link/rules-of-hooks

   Previous render            Next render
   ------------------------------------------------------
%s   ^^^^^^^^^^^^^^^^^^^^^^^^^^^^^^^^^^^^^^^^^^^^^^^^^^^^^^
%s MetaDataTablePMD 1. useContext                 useContext
2. useState                   useState
3. useEffect                  useEffect
4. useState                   useState
5. useEffect                  useEffect
6. useState                   useState
7. useRef                     useRef
8. useEffect                  useEffect
9. useEffect                  useEffect
10. useState                  useState
11. useEffect                 useEffect
12. useRef                    useRef
13. useEffect                 useEffect
14. useEffect                 useEffect
15. useEffect                 useEffect
16. useState                  useState
17. undefined                 useContext
 
    at MetaDataTablePMD (http://localhost:3000/static/js/bundle.js:7684:5)
    at div
    at PCAPage (http://localhost:3000/static/js/bundle.js:28618:7)
    at ErrorBoundary (http://localhost:3000/static/js/bundle.js:18740:5)
    at Outlet (http://localhost:3000/static/js/bundle.js:169071:26)
    at div
    at div
    at AppLayout (http://localhost:3000/static/js/bundle.js:23366:89)
    at Routes (http://localhost:3000/static/js/bundle.js:169163:5)
    at ThemeProvider (http://localhost:3000/static/js/bundle.js:71685:5)
    at ThemeProvider (http://localhost:3000/static/js/bundle.js:72106:5)
    at Suspense
    at App (http://localhost:3000/static/js/bundle.js:52:89)
    at Router (http://localhost:3000/static/js/bundle.js:169096:15)
    at BrowserRouter (http://localhost:3000/static/js/bundle.js:168576:5)
    at Provider (http://localhost:3000/static/js/bundle.js:164856:20) @ http://localhost:3000/static/js/bundle.js:134228
[   19288ms] [ERROR] Warning: React has detected a change in the order of Hooks called by %s. This will lead to bugs and errors if not fixed. For more information, read the Rules of Hooks: https://reactjs.org/link/rules-of-hooks

   Previous render            Next render
   ------------------------------------------------------
%s   ^^^^^^^^^^^^^^^^^^^^^^^^^^^^^^^^^^^^^^^^^^^^^^^^^^^^^^
%s DataTablePMD 1. useContext                 useContext
2. useContext                 useContext
3. useReducer                 useReducer
4. useMemo                    useMemo
5. useRef                     useRef
6. useRef                     useRef
7. useRef                     useRef
8. useRef                     useRef
9. useLayoutEffect            useLayoutEffect
10. useLayoutEffect           useLayoutEffect
11. useDebugValue             useDebugValue
12. useState                  useState
13. useState                  useState
14. useEffect                 useEffect
15. undefined                 useContext
 
    at DataTablePMD (http://localhost:3000/static/js/bundle.js:7309:5)
    at div
    at Tables (http://localhost:3000/static/js/bundle.js:28811:5)
    at div
    at PCAPage (http://localhost:3000/static/js/bundle.js:28618:7)
    at ErrorBoundary (http://localhost:3000/static/js/bundle.js:18740:5)
    at Outlet (http://localhost:3000/static/js/bundle.js:169071:26)
    at div
    at div
    at AppLayout (http://localhost:3000/static/js/bundle.js:23366:89)
    at Routes (http://localhost:3000/static/js/bundle.js:169163:5)
    at ThemeProvider (http://localhost:3000/static/js/bundle.js:71685:5)
    at ThemeProvider (http://localhost:3000/static/js/bundle.js:72106:5)
    at Suspense
    at App (http://localhost:3000/static/js/bundle.js:52:89)
    at Router (http://localhost:3000/static/js/bundle.js:169096:15)
    at BrowserRouter (http://localhost:3000/static/js/bundle.js:168576:5)
    at Provider (http://localhost:3000/static/js/bundle.js:164856:20) @ http://localhost:3000/static/js/bundle.js:134228
[   54434ms] SyntaxError: Unexpected token 'C', "CORRUPTED_NOT_JSON" is not valid JSON
    at JSON.parse (<anonymous>)
    at http://localhost:3000/static/js/bundle.js:77:101
    at invokePassiveEffectCreate (http://localhost:3000/static/js/bundle.js:157464:24)
    at HTMLUnknownElement.callCallback (http://localhost:3000/static/js/bundle.js:138080:18)
    at Object.invokeGuardedCallbackDev (http://localhost:3000/static/js/bundle.js:138129:20)
    at invokeGuardedCallback (http://localhost:3000/static/js/bundle.js:138189:35)
    at flushPassiveEffectsImpl (http://localhost:3000/static/js/bundle.js:157546:13)
    at unstable_runWithPriority (http://localhost:3000/static/js/bundle.js:180013:16)
    at runWithPriority$1 (http://localhost:3000/static/js/bundle.js:145486:14)
    at flushPassiveEffects (http://localhost:3000/static/js/bundle.js:157423:18)
[   54435ms] [ERROR] The above error occurred in the <App> component:

    at App (http://localhost:3000/static/js/bundle.js:52:89)
    at Router (http://localhost:3000/static/js/bundle.js:169096:15)
    at BrowserRouter (http://localhost:3000/static/js/bundle.js:168576:5)
    at Provider (http://localhost:3000/static/js/bundle.js:164856:20)

Consider adding an error boundary to your tree to customize error handling behavior.
Visit https://reactjs.org/link/error-boundaries to learn more about error boundaries. @ http://localhost:3000/static/js/bundle.js:154114
[   54435ms] SyntaxError: Unexpected token 'C', "CORRUPTED_NOT_JSON" is not valid JSON
    at JSON.parse (<anonymous>)
    at http://localhost:3000/static/js/bundle.js:77:101
    at invokePassiveEffectCreate (http://localhost:3000/static/js/bundle.js:157464:24)
    at HTMLUnknownElement.callCallback (http://localhost:3000/static/js/bundle.js:138080:18)
    at Object.invokeGuardedCallbackDev (http://localhost:3000/static/js/bundle.js:138129:20)
    at invokeGuardedCallback (http://localhost:3000/static/js/bundle.js:138189:35)
    at flushPassiveEffectsImpl (http://localhost:3000/static/js/bundle.js:157546:13)
    at unstable_runWithPriority (http://localhost:3000/static/js/bundle.js:180013:16)
    at runWithPriority$1 (http://localhost:3000/static/js/bundle.js:145486:14)
    at flushPassiveEffects (http://localhost:3000/static/js/bundle.js:157423:18)
