[     528ms] [ERROR] Warning: React has detected a change in the order of Hooks called by %s. This will lead to bugs and errors if not fixed. For more information, read the Rules of Hooks: https://reactjs.org/link/rules-of-hooks

   Previous render            Next render
   ------------------------------------------------------
%s   ^^^^^^^^^^^^^^^^^^^^^^^^^^^^^^^^^^^^^^^^^^^^^^^^^^^^^^
%s DataTableDIR 1. useContext                 useContext
2. useDebugValue              useDebugValue
3. useContext                 useContext
4. useContext                 useContext
5. useReducer                 useReducer
6. useMemo                    useMemo
7. useRef                     useRef
8. useRef                     useRef
9. useRef                     useRef
10. useRef                    useRef
11. useLayoutEffect           useLayoutEffect
12. useLayoutEffect           useLayoutEffect
13. useDebugValue             useDebugValue
14. useState                  useState
15. useState                  useState
16. useEffect                 useEffect
17. undefined                 useContext
 
    at DataTableDIR (http://localhost:3000/static/js/bundle.js:4751:5)
    at div
    at Tables (http://localhost:3000/static/js/bundle.js:27566:5)
    at div
    at DIRPage (http://localhost:3000/static/js/bundle.js:26851:7)
    at ErrorBoundary (http://localhost:3000/static/js/bundle.js:18740:5)
    at Outlet (http://localhost:3000/static/js/bundle.js:169071:26)
    at div
    at div
    at AppLayout (http://localhost:3000/static/js/bundle.js:23366:89)
    at Routes (http://localhost:3000/static/js/bundle.js:169163:5)
    at ThemeProvider (http://localhost:3000/static/js/bundle.js:71685:5)
    at ThemeProvider (http://localhost:3000/static/js/bundle.js:72106:5)
    at Suspense
    at App (http://localhost:3000/static/js/bundle.js:52:89)
    at Router (http://localhost:3000/static/js/bundle.js:169096:15)
    at BrowserRouter (http://localhost:3000/static/js/bundle.js:168576:5)
    at Provider (http://localhost:3000/static/js/bundle.js:164856:20) @ http://localhost:3000/static/js/bundle.js:134228
