[     440ms] [ERROR] Warning: React has detected a change in the order of Hooks called by %s. This will lead to bugs and errors if not fixed. For more information, read the Rules of Hooks: https://reactjs.org/link/rules-of-hooks

   Previous render            Next render
   ------------------------------------------------------
%s   ^^^^^^^^^^^^^^^^^^^^^^^^^^^^^^^^^^^^^^^^^^^^^^^^^^^^^^
%s MetaDataTablePMD 1. useContext                 useContext
2. useState                   useState
3. useEffect                  useEffect
4. useState                   useState
5. useEffect                  useEffect
6. useState                   useState
7. useRef                     useRef
8. useEffect                  useEffect
9. useEffect                  useEffect
10. useState                  useState
11. useEffect                 useEffect
12. useRef                    useRef
13. useEffect                 useEffect
14. useEffect                 useEffect
15. useEffect                 useEffect
16. useState                  useState
17. undefined                 useContext
 
    at MetaDataTablePMD (http://localhost:3000/static/js/bundle.js:7689:5)
    at div
    at PCAPage (http://localhost:3000/static/js/bundle.js:28613:7)
    at ErrorBoundary (http://localhost:3000/static/js/bundle.js:18735:5)
    at Outlet (http://localhost:3000/static/js/bundle.js:169066:26)
    at div
    at div
    at AppLayout (http://localhost:3000/static/js/bundle.js:23361:89)
    at Routes (http://localhost:3000/static/js/bundle.js:169158:5)
    at ThemeProvider (http://localhost:3000/static/js/bundle.js:71680:5)
    at ThemeProvider (http://localhost:3000/static/js/bundle.js:72101:5)
    at Suspense
    at App (http://localhost:3000/static/js/bundle.js:52:89)
    at Router (http://localhost:3000/static/js/bundle.js:169091:15)
    at BrowserRouter (http://localhost:3000/static/js/bundle.js:168571:5)
    at Provider (http://localhost:3000/static/js/bundle.js:164851:20) @ http://localhost:3000/static/js/bundle.js:134223
[     455ms] [ERROR] Warning: React has detected a change in the order of Hooks called by %s. This will lead to bugs and errors if not fixed. For more information, read the Rules of Hooks: https://reactjs.org/link/rules-of-hooks

   Previous render            Next render
   ------------------------------------------------------
%s   ^^^^^^^^^^^^^^^^^^^^^^^^^^^^^^^^^^^^^^^^^^^^^^^^^^^^^^
%s StatisticsDataTablePMD 1. useContext                 useContext
2. useContext                 useContext
3. useDebugValue              useDebugValue
4. useRef                     useRef
5. useState                   useState
6. useCallback                useCallback
7. useContext                 useContext
8. useReducer                 useReducer
9. useMemo                    useMemo
10. useRef                    useRef
11. useRef                    useRef
12. useRef                    useRef
13. useRef                    useRef
14. useLayoutEffect           useLayoutEffect
15. useLayoutEffect           useLayoutEffect
16. useDebugValue             useDebugValue
17. useState                  useState
18. useContext                useContext
19. useReducer                useReducer
20. useMemo                   useMemo
21. useRef                    useRef
22. useRef                    useRef
23. useRef                    useRef
24. useRef                    useRef
25. useLayoutEffect           useLayoutEffect
26. useLayoutEffect           useLayoutEffect
27. useDebugValue             useDebugValue
28. useEffect                 useEffect
29. useEffect                 useEffect
30. useCallback               useCallback
31. useEffect                 useEffect
32. useCallback               useCallback
33. undefined                 useContext
 
    at StatisticsDataTablePMD (http://localhost:3000/static/js/bundle.js:8503:5)
    at div
    at Tables (http://localhost:3000/static/js/bundle.js:28806:5)
    at div
    at PCAPage (http://localhost:3000/static/js/bundle.js:28613:7)
    at ErrorBoundary (http://localhost:3000/static/js/bundle.js:18735:5)
    at Outlet (http://localhost:3000/static/js/bundle.js:169066:26)
    at div
    at div
    at AppLayout (http://localhost:3000/static/js/bundle.js:23361:89)
    at Routes (http://localhost:3000/static/js/bundle.js:169158:5)
    at ThemeProvider (http://localhost:3000/static/js/bundle.js:71680:5)
    at ThemeProvider (http://localhost:3000/static/js/bundle.js:72101:5)
    at Suspense
    at App (http://localhost:3000/static/js/bundle.js:52:89)
    at Router (http://localhost:3000/static/js/bundle.js:169091:15)
    at BrowserRouter (http://localhost:3000/static/js/bundle.js:168571:5)
    at Provider (http://localhost:3000/static/js/bundle.js:164851:20) @ http://localhost:3000/static/js/bundle.js:134223
[     459ms] [ERROR] Warning: React has detected a change in the order of Hooks called by %s. This will lead to bugs and errors if not fixed. For more information, read the Rules of Hooks: https://reactjs.org/link/rules-of-hooks

   Previous render            Next render
   ------------------------------------------------------
%s   ^^^^^^^^^^^^^^^^^^^^^^^^^^^^^^^^^^^^^^^^^^^^^^^^^^^^^^
%s DataTablePMD 1. useContext                 useContext
2. useContext                 useContext
3. useReducer                 useReducer
4. useMemo                    useMemo
5. useRef                     useRef
6. useRef                     useRef
7. useRef                     useRef
8. useRef                     useRef
9. useLayoutEffect            useLayoutEffect
10. useLayoutEffect           useLayoutEffect
11. useDebugValue             useDebugValue
12. useState                  useState
13. useState                  useState
14. useEffect                 useEffect
15. undefined                 useContext
 
    at DataTablePMD (http://localhost:3000/static/js/bundle.js:7314:5)
    at div
    at Tables (http://localhost:3000/static/js/bundle.js:28806:5)
    at div
    at PCAPage (http://localhost:3000/static/js/bundle.js:28613:7)
    at ErrorBoundary (http://localhost:3000/static/js/bundle.js:18735:5)
    at Outlet (http://localhost:3000/static/js/bundle.js:169066:26)
    at div
    at div
    at AppLayout (http://localhost:3000/static/js/bundle.js:23361:89)
    at Routes (http://localhost:3000/static/js/bundle.js:169158:5)
    at ThemeProvider (http://localhost:3000/static/js/bundle.js:71680:5)
    at ThemeProvider (http://localhost:3000/static/js/bundle.js:72101:5)
    at Suspense
    at App (http://localhost:3000/static/js/bundle.js:52:89)
    at Router (http://localhost:3000/static/js/bundle.js:169091:15)
    at BrowserRouter (http://localhost:3000/static/js/bundle.js:168571:5)
    at Provider (http://localhost:3000/static/js/bundle.js:164851:20) @ http://localhost:3000/static/js/bundle.js:134223
[  839160ms] TypeError: (0 , _styleConstants__WEBPACK_IMPORTED_MODULE_4__.GetDataTableBaseStyle) is not a function
    at OutputDataTablePMD (http://localhost:3000/static/js/bundle.js:8288:83)
    at renderWithHooks (http://localhost:3000/static/js/bundle.js:149125:22)
    at updateFunctionComponent (http://localhost:3000/static/js/bundle.js:151447:24)
    at beginWork (http://localhost:3000/static/js/bundle.js:153100:20)
    at HTMLUnknownElement.callCallback (http://localhost:3000/static/js/bundle.js:138075:18)
    at Object.invokeGuardedCallbackDev (http://localhost:3000/static/js/bundle.js:138124:20)
    at invokeGuardedCallback (http://localhost:3000/static/js/bundle.js:138184:35)
    at beginWork$1 (http://localhost:3000/static/js/bundle.js:157926:11)
    at performUnitOfWork (http://localhost:3000/static/js/bundle.js:156762:16)
    at workLoopSync (http://localhost:3000/static/js/bundle.js:156699:9)
[  839168ms] TypeError: (0 , _styleConstants__WEBPACK_IMPORTED_MODULE_4__.GetDataTableBaseStyle) is not a function
    at OutputDataTableDIR (http://localhost:3000/static/js/bundle.js:5575:88)
    at renderWithHooks (http://localhost:3000/static/js/bundle.js:149125:22)
    at updateFunctionComponent (http://localhost:3000/static/js/bundle.js:151447:24)
    at beginWork (http://localhost:3000/static/js/bundle.js:153100:20)
    at HTMLUnknownElement.callCallback (http://localhost:3000/static/js/bundle.js:138075:18)
    at Object.invokeGuardedCallbackDev (http://localhost:3000/static/js/bundle.js:138124:20)
    at invokeGuardedCallback (http://localhost:3000/static/js/bundle.js:138184:35)
    at beginWork$1 (http://localhost:3000/static/js/bundle.js:157926:11)
    at performUnitOfWork (http://localhost:3000/static/js/bundle.js:156762:16)
    at workLoopSync (http://localhost:3000/static/js/bundle.js:156699:9)
[  839169ms] TypeError: (0 , _styleConstants__WEBPACK_IMPORTED_MODULE_2__.GetDataTableBaseStyle) is not a function
    at MetaDataTablePMD (http://localhost:3000/static/js/bundle.js:7795:88)
    at renderWithHooks (http://localhost:3000/static/js/bundle.js:149125:22)
    at updateFunctionComponent (http://localhost:3000/static/js/bundle.js:151447:24)
    at beginWork (http://localhost:3000/static/js/bundle.js:153100:20)
    at HTMLUnknownElement.callCallback (http://localhost:3000/static/js/bundle.js:138075:18)
    at Object.invokeGuardedCallbackDev (http://localhost:3000/static/js/bundle.js:138124:20)
    at invokeGuardedCallback (http://localhost:3000/static/js/bundle.js:138184:35)
    at beginWork$1 (http://localhost:3000/static/js/bundle.js:157926:11)
    at performUnitOfWork (http://localhost:3000/static/js/bundle.js:156762:16)
    at workLoopSync (http://localhost:3000/static/js/bundle.js:156699:9)
[  839170ms] TypeError: (0 , _styleConstants__WEBPACK_IMPORTED_MODULE_3__.GetDataTableBaseStyle) is not a function
    at StatisticsDataTablePMD (http://localhost:3000/static/js/bundle.js:8762:86)
    at renderWithHooks (http://localhost:3000/static/js/bundle.js:149125:22)
    at updateFunctionComponent (http://localhost:3000/static/js/bundle.js:151447:24)
    at beginWork (http://localhost:3000/static/js/bundle.js:153100:20)
    at HTMLUnknownElement.callCallback (http://localhost:3000/static/js/bundle.js:138075:18)
    at Object.invokeGuardedCallbackDev (http://localhost:3000/static/js/bundle.js:138124:20)
    at invokeGuardedCallback (http://localhost:3000/static/js/bundle.js:138184:35)
    at beginWork$1 (http://localhost:3000/static/js/bundle.js:157926:11)
    at performUnitOfWork (http://localhost:3000/static/js/bundle.js:156762:16)
    at workLoopSync (http://localhost:3000/static/js/bundle.js:156699:9)
[  839170ms] TypeError: (0 , _styleConstants__WEBPACK_IMPORTED_MODULE_5__.GetDataTableBaseStyle) is not a function
    at DataTablePMD (http://localhost:3000/static/js/bundle.js:7477:86)
    at renderWithHooks (http://localhost:3000/static/js/bundle.js:149125:22)
    at updateFunctionComponent (http://localhost:3000/static/js/bundle.js:151447:24)
    at beginWork (http://localhost:3000/static/js/bundle.js:153100:20)
    at HTMLUnknownElement.callCallback (http://localhost:3000/static/js/bundle.js:138075:18)
    at Object.invokeGuardedCallbackDev (http://localhost:3000/static/js/bundle.js:138124:20)
    at invokeGuardedCallback (http://localhost:3000/static/js/bundle.js:138184:35)
    at beginWork$1 (http://localhost:3000/static/js/bundle.js:157926:11)
    at performUnitOfWork (http://localhost:3000/static/js/bundle.js:156762:16)
    at workLoopSync (http://localhost:3000/static/js/bundle.js:156699:9)
[  839162ms] [ERROR] The above error occurred in the <MetaDataTablePMD> component:

    at MetaDataTablePMD (http://localhost:3000/static/js/bundle.js:7689:5)
    at div
    at PCAPage (http://localhost:3000/static/js/bundle.js:28613:7)
    at ErrorBoundary (http://localhost:3000/static/js/bundle.js:18735:5)
    at Outlet (http://localhost:3000/static/js/bundle.js:169066:26)
    at div
    at div
    at AppLayout (http://localhost:3000/static/js/bundle.js:23361:89)
    at Routes (http://localhost:3000/static/js/bundle.js:169158:5)
    at ThemeProvider (http://localhost:3000/static/js/bundle.js:71680:5)
    at ThemeProvider (http://localhost:3000/static/js/bundle.js:72101:5)
    at Suspense
    at App (http://localhost:3000/static/js/bundle.js:52:89)
    at Router (http://localhost:3000/static/js/bundle.js:169091:15)
    at BrowserRouter (http://localhost:3000/static/js/bundle.js:168571:5)
    at Provider (http://localhost:3000/static/js/bundle.js:164851:20)

React will try to recreate this component tree from scratch using the error boundary you provided, ErrorBoundary. @ http://localhost:3000/static/js/bundle.js:154109
[  839163ms] [ERROR] The above error occurred in the <StatisticsDataTablePMD> component:

    at StatisticsDataTablePMD (http://localhost:3000/static/js/bundle.js:8503:5)
    at div
    at Tables (http://localhost:3000/static/js/bundle.js:28806:5)
    at div
    at PCAPage (http://localhost:3000/static/js/bundle.js:28613:7)
    at ErrorBoundary (http://localhost:3000/static/js/bundle.js:18735:5)
    at Outlet (http://localhost:3000/static/js/bundle.js:169066:26)
    at div
    at div
    at AppLayout (http://localhost:3000/static/js/bundle.js:23361:89)
    at Routes (http://localhost:3000/static/js/bundle.js:169158:5)
    at ThemeProvider (http://localhost:3000/static/js/bundle.js:71680:5)
    at ThemeProvider (http://localhost:3000/static/js/bundle.js:72101:5)
    at Suspense
    at App (http://localhost:3000/static/js/bundle.js:52:89)
    at Router (http://localhost:3000/static/js/bundle.js:169091:15)
    at BrowserRouter (http://localhost:3000/static/js/bundle.js:168571:5)
    at Provider (http://localhost:3000/static/js/bundle.js:164851:20)

React will try to recreate this component tree from scratch using the error boundary you provided, ErrorBoundary. @ http://localhost:3000/static/js/bundle.js:154109
[  839163ms] [ERROR] The above error occurred in the <DataTablePMD> component:

    at DataTablePMD (http://localhost:3000/static/js/bundle.js:7314:5)
    at div
    at Tables (http://localhost:3000/static/js/bundle.js:28806:5)
    at div
    at PCAPage (http://localhost:3000/static/js/bundle.js:28613:7)
    at ErrorBoundary (http://localhost:3000/static/js/bundle.js:18735:5)
    at Outlet (http://localhost:3000/static/js/bundle.js:169066:26)
    at div
    at div
    at AppLayout (http://localhost:3000/static/js/bundle.js:23361:89)
    at Routes (http://localhost:3000/static/js/bundle.js:169158:5)
    at ThemeProvider (http://localhost:3000/static/js/bundle.js:71680:5)
    at ThemeProvider (http://localhost:3000/static/js/bundle.js:72101:5)
    at Suspense
    at App (http://localhost:3000/static/js/bundle.js:52:89)
    at Router (http://localhost:3000/static/js/bundle.js:169091:15)
    at BrowserRouter (http://localhost:3000/static/js/bundle.js:168571:5)
    at Provider (http://localhost:3000/static/js/bundle.js:164851:20)

React will try to recreate this component tree from scratch using the error boundary you provided, ErrorBoundary. @ http://localhost:3000/static/js/bundle.js:154109
[  839219ms] [ERROR] The above error occurred in the <OutputDataTablePMD> component:

    at OutputDataTablePMD (http://localhost:3000/static/js/bundle.js:8042:89)
    at div
    at TrapFocus (http://localhost:3000/static/js/bundle.js:69656:5)
    at div
    at http://localhost:3000/static/js/bundle.js:42373:66
    at Portal (http://localhost:3000/static/js/bundle.js:69228:5)
    at ModalUnstyled (http://localhost:3000/static/js/bundle.js:68412:5)
    at Modal (http://localhost:3000/static/js/bundle.js:57150:82)
    at ModalWrapper (http://localhost:3000/static/js/bundle.js:22028:5)
    at AppSettings (http://localhost:3000/static/js/bundle.js:4269:5)
    at div
    at div
    at div
    at div
    at div
    at AppLayout (http://localhost:3000/static/js/bundle.js:23361:89)
    at Routes (http://localhost:3000/static/js/bundle.js:169158:5)
    at ThemeProvider (http://localhost:3000/static/js/bundle.js:71680:5)
    at ThemeProvider (http://localhost:3000/static/js/bundle.js:72101:5)
    at Suspense
    at App (http://localhost:3000/static/js/bundle.js:52:89)
    at Router (http://localhost:3000/static/js/bundle.js:169091:15)
    at BrowserRouter (http://localhost:3000/static/js/bundle.js:168571:5)
    at Provider (http://localhost:3000/static/js/bundle.js:164851:20)

Consider adding an error boundary to your tree to customize error handling behavior.
Visit https://reactjs.org/link/error-boundaries to learn more about error boundaries. @ http://localhost:3000/static/js/bundle.js:154109
[  839219ms] [ERROR] The above error occurred in the <OutputDataTableDIR> component:

    at OutputDataTableDIR (http://localhost:3000/static/js/bundle.js:5300:89)
    at div
    at TrapFocus (http://localhost:3000/static/js/bundle.js:69656:5)
    at div
    at http://localhost:3000/static/js/bundle.js:42373:66
    at Portal (http://localhost:3000/static/js/bundle.js:69228:5)
    at ModalUnstyled (http://localhost:3000/static/js/bundle.js:68412:5)
    at Modal (http://localhost:3000/static/js/bundle.js:57150:82)
    at ModalWrapper (http://localhost:3000/static/js/bundle.js:22028:5)
    at AppSettings (http://localhost:3000/static/js/bundle.js:4269:5)
    at div
    at div
    at div
    at div
    at div
    at AppLayout (http://localhost:3000/static/js/bundle.js:23361:89)
    at Routes (http://localhost:3000/static/js/bundle.js:169158:5)
    at ThemeProvider (http://localhost:3000/static/js/bundle.js:71680:5)
    at ThemeProvider (http://localhost:3000/static/js/bundle.js:72101:5)
    at Suspense
    at App (http://localhost:3000/static/js/bundle.js:52:89)
    at Router (http://localhost:3000/static/js/bundle.js:169091:15)
    at BrowserRouter (http://localhost:3000/static/js/bundle.js:168571:5)
    at Provider (http://localhost:3000/static/js/bundle.js:164851:20)

Consider adding an error boundary to your tree to customize error handling behavior.
Visit https://reactjs.org/link/error-boundaries to learn more about error boundaries. @ http://localhost:3000/static/js/bundle.js:154109
[  839226ms] TypeError: (0 , _styleConstants__WEBPACK_IMPORTED_MODULE_4__.GetDataTableBaseStyle) is not a function
    at OutputDataTablePMD (http://localhost:3000/static/js/bundle.js:8288:83)
    at renderWithHooks (http://localhost:3000/static/js/bundle.js:149125:22)
    at updateFunctionComponent (http://localhost:3000/static/js/bundle.js:151447:24)
    at beginWork (http://localhost:3000/static/js/bundle.js:153100:20)
    at HTMLUnknownElement.callCallback (http://localhost:3000/static/js/bundle.js:138075:18)
    at Object.invokeGuardedCallbackDev (http://localhost:3000/static/js/bundle.js:138124:20)
    at invokeGuardedCallback (http://localhost:3000/static/js/bundle.js:138184:35)
    at beginWork$1 (http://localhost:3000/static/js/bundle.js:157926:11)
    at performUnitOfWork (http://localhost:3000/static/js/bundle.js:156762:16)
    at workLoopSync (http://localhost:3000/static/js/bundle.js:156699:9)
[  839483ms] TypeError: (0 , _styleConstants__WEBPACK_IMPORTED_MODULE_4__.GetDataTableBaseStyle) is not a function
    at OutputDataTablePMD (http://localhost:3000/static/js/bundle.js:8288:83)
    at renderWithHooks (http://localhost:3000/static/js/bundle.js:149125:22)
    at mountIndeterminateComponent (http://localhost:3000/static/js/bundle.js:151887:17)
    at beginWork (http://localhost:3000/static/js/bundle.js:153086:20)
    at HTMLUnknownElement.callCallback (http://localhost:3000/static/js/bundle.js:138075:18)
    at Object.invokeGuardedCallbackDev (http://localhost:3000/static/js/bundle.js:138124:20)
    at invokeGuardedCallback (http://localhost:3000/static/js/bundle.js:138184:35)
    at beginWork$1 (http://localhost:3000/static/js/bundle.js:157926:11)
    at performUnitOfWork (http://localhost:3000/static/js/bundle.js:156762:16)
    at workLoopSync (http://localhost:3000/static/js/bundle.js:156699:9)
[  839493ms] TypeError: (0 , _styleConstants__WEBPACK_IMPORTED_MODULE_4__.GetDataTableBaseStyle) is not a function
    at OutputDataTableDIR (http://localhost:3000/static/js/bundle.js:5575:88)
    at renderWithHooks (http://localhost:3000/static/js/bundle.js:149125:22)
    at mountIndeterminateComponent (http://localhost:3000/static/js/bundle.js:151887:17)
    at beginWork (http://localhost:3000/static/js/bundle.js:153086:20)
    at HTMLUnknownElement.callCallback (http://localhost:3000/static/js/bundle.js:138075:18)
    at Object.invokeGuardedCallbackDev (http://localhost:3000/static/js/bundle.js:138124:20)
    at invokeGuardedCallback (http://localhost:3000/static/js/bundle.js:138184:35)
    at beginWork$1 (http://localhost:3000/static/js/bundle.js:157926:11)
    at performUnitOfWork (http://localhost:3000/static/js/bundle.js:156762:16)
    at workLoopSync (http://localhost:3000/static/js/bundle.js:156699:9)
[  839537ms] ReferenceError: GetDataTableBaseStyle is not defined
    at MetaDataTablePMD (http://localhost:3000/main.1914be0a8fa7957f7087.hot-update.js:150:13)
    at renderWithHooks (http://localhost:3000/static/js/bundle.js:149125:22)
    at updateFunctionComponent (http://localhost:3000/static/js/bundle.js:151447:24)
    at beginWork (http://localhost:3000/static/js/bundle.js:153100:20)
    at HTMLUnknownElement.callCallback (http://localhost:3000/static/js/bundle.js:138075:18)
    at Object.invokeGuardedCallbackDev (http://localhost:3000/static/js/bundle.js:138124:20)
    at invokeGuardedCallback (http://localhost:3000/static/js/bundle.js:138184:35)
    at beginWork$1 (http://localhost:3000/static/js/bundle.js:157926:11)
    at performUnitOfWork (http://localhost:3000/static/js/bundle.js:156762:16)
    at workLoopSync (http://localhost:3000/static/js/bundle.js:156699:9)
[  839563ms] TypeError: (0 , _styleConstants__WEBPACK_IMPORTED_MODULE_3__.GetDataTableBaseStyle) is not a function
    at StatisticsDataTablePMD (http://localhost:3000/static/js/bundle.js:8762:86)
    at renderWithHooks (http://localhost:3000/static/js/bundle.js:149125:22)
    at updateFunctionComponent (http://localhost:3000/static/js/bundle.js:151447:24)
    at beginWork (http://localhost:3000/static/js/bundle.js:153100:20)
    at HTMLUnknownElement.callCallback (http://localhost:3000/static/js/bundle.js:138075:18)
    at Object.invokeGuardedCallbackDev (http://localhost:3000/static/js/bundle.js:138124:20)
    at invokeGuardedCallback (http://localhost:3000/static/js/bundle.js:138184:35)
    at beginWork$1 (http://localhost:3000/static/js/bundle.js:157926:11)
    at performUnitOfWork (http://localhost:3000/static/js/bundle.js:156762:16)
    at workLoopSync (http://localhost:3000/static/js/bundle.js:156699:9)
[  839568ms] TypeError: (0 , _styleConstants__WEBPACK_IMPORTED_MODULE_5__.GetDataTableBaseStyle) is not a function
    at DataTablePMD (http://localhost:3000/static/js/bundle.js:7477:86)
    at renderWithHooks (http://localhost:3000/static/js/bundle.js:149125:22)
    at updateFunctionComponent (http://localhost:3000/static/js/bundle.js:151447:24)
    at beginWork (http://localhost:3000/static/js/bundle.js:153100:20)
    at HTMLUnknownElement.callCallback (http://localhost:3000/static/js/bundle.js:138075:18)
    at Object.invokeGuardedCallbackDev (http://localhost:3000/static/js/bundle.js:138124:20)
    at invokeGuardedCallback (http://localhost:3000/static/js/bundle.js:138184:35)
    at beginWork$1 (http://localhost:3000/static/js/bundle.js:157926:11)
    at performUnitOfWork (http://localhost:3000/static/js/bundle.js:156762:16)
    at workLoopSync (http://localhost:3000/static/js/bundle.js:156699:9)
[  839694ms] [ERROR] The above error occurred in the <MetaDataTablePMD> component:

    at MetaDataTablePMD (http://localhost:3000/main.1914be0a8fa7957f7087.hot-update.js:44:5)
    at div
    at PCAPage (http://localhost:3000/static/js/bundle.js:28613:7)
    at ErrorBoundary (http://localhost:3000/static/js/bundle.js:18735:5)
    at Outlet (http://localhost:3000/static/js/bundle.js:169066:26)
    at div
    at div
    at AppLayout (http://localhost:3000/static/js/bundle.js:23361:89)
    at Routes (http://localhost:3000/static/js/bundle.js:169158:5)
    at ThemeProvider (http://localhost:3000/static/js/bundle.js:71680:5)
    at ThemeProvider (http://localhost:3000/static/js/bundle.js:72101:5)
    at Suspense
    at App (http://localhost:3000/static/js/bundle.js:52:89)
    at Router (http://localhost:3000/static/js/bundle.js:169091:15)
    at BrowserRouter (http://localhost:3000/static/js/bundle.js:168571:5)
    at Provider (http://localhost:3000/static/js/bundle.js:164851:20)

React will try to recreate this component tree from scratch using the error boundary you provided, ErrorBoundary. @ http://localhost:3000/static/js/bundle.js:154109
[  839694ms] [ERROR] The above error occurred in the <StatisticsDataTablePMD> component:

    at StatisticsDataTablePMD (http://localhost:3000/static/js/bundle.js:8503:5)
    at div
    at Tables (http://localhost:3000/static/js/bundle.js:28806:5)
    at div
    at PCAPage (http://localhost:3000/static/js/bundle.js:28613:7)
    at ErrorBoundary (http://localhost:3000/static/js/bundle.js:18735:5)
    at Outlet (http://localhost:3000/static/js/bundle.js:169066:26)
    at div
    at div
    at AppLayout (http://localhost:3000/static/js/bundle.js:23361:89)
    at Routes (http://localhost:3000/static/js/bundle.js:169158:5)
    at ThemeProvider (http://localhost:3000/static/js/bundle.js:71680:5)
    at ThemeProvider (http://localhost:3000/static/js/bundle.js:72101:5)
    at Suspense
    at App (http://localhost:3000/static/js/bundle.js:52:89)
    at Router (http://localhost:3000/static/js/bundle.js:169091:15)
    at BrowserRouter (http://localhost:3000/static/js/bundle.js:168571:5)
    at Provider (http://localhost:3000/static/js/bundle.js:164851:20)

React will try to recreate this component tree from scratch using the error boundary you provided, ErrorBoundary. @ http://localhost:3000/static/js/bundle.js:154109
[  839694ms] [ERROR] The above error occurred in the <DataTablePMD> component:

    at DataTablePMD (http://localhost:3000/static/js/bundle.js:7314:5)
    at div
    at Tables (http://localhost:3000/static/js/bundle.js:28806:5)
    at div
    at PCAPage (http://localhost:3000/static/js/bundle.js:28613:7)
    at ErrorBoundary (http://localhost:3000/static/js/bundle.js:18735:5)
    at Outlet (http://localhost:3000/static/js/bundle.js:169066:26)
    at div
    at div
    at AppLayout (http://localhost:3000/static/js/bundle.js:23361:89)
    at Routes (http://localhost:3000/static/js/bundle.js:169158:5)
    at ThemeProvider (http://localhost:3000/static/js/bundle.js:71680:5)
    at ThemeProvider (http://localhost:3000/static/js/bundle.js:72101:5)
    at Suspense
    at App (http://localhost:3000/static/js/bundle.js:52:89)
    at Router (http://localhost:3000/static/js/bundle.js:169091:15)
    at BrowserRouter (http://localhost:3000/static/js/bundle.js:168571:5)
    at Provider (http://localhost:3000/static/js/bundle.js:164851:20)

React will try to recreate this component tree from scratch using the error boundary you provided, ErrorBoundary. @ http://localhost:3000/static/js/bundle.js:154109
[  839698ms] [ERROR] The above error occurred in the <OutputDataTablePMD> component:

    at OutputDataTablePMD (http://localhost:3000/static/js/bundle.js:8042:89)
    at div
    at TrapFocus (http://localhost:3000/static/js/bundle.js:69656:5)
    at div
    at http://localhost:3000/static/js/bundle.js:42373:66
    at Portal (http://localhost:3000/static/js/bundle.js:69228:5)
    at ModalUnstyled (http://localhost:3000/static/js/bundle.js:68412:5)
    at Modal (http://localhost:3000/static/js/bundle.js:57150:82)
    at ModalWrapper (http://localhost:3000/static/js/bundle.js:22028:5)
    at AppSettings (http://localhost:3000/static/js/bundle.js:4269:5)
    at div
    at div
    at div
    at div
    at div
    at AppLayout (http://localhost:3000/static/js/bundle.js:23361:89)
    at Routes (http://localhost:3000/static/js/bundle.js:169158:5)
    at ThemeProvider (http://localhost:3000/static/js/bundle.js:71680:5)
    at ThemeProvider (http://localhost:3000/static/js/bundle.js:72101:5)
    at Suspense
    at App (http://localhost:3000/static/js/bundle.js:52:89)
    at Router (http://localhost:3000/static/js/bundle.js:169091:15)
    at BrowserRouter (http://localhost:3000/static/js/bundle.js:168571:5)
    at Provider (http://localhost:3000/static/js/bundle.js:164851:20)

Consider adding an error boundary to your tree to customize error handling behavior.
Visit https://reactjs.org/link/error-boundaries to learn more about error boundaries. @ http://localhost:3000/static/js/bundle.js:154109
[  839698ms] [ERROR] The above error occurred in the <OutputDataTableDIR> component:

    at OutputDataTableDIR (http://localhost:3000/static/js/bundle.js:5300:89)
    at div
    at TrapFocus (http://localhost:3000/static/js/bundle.js:69656:5)
    at div
    at http://localhost:3000/static/js/bundle.js:42373:66
    at Portal (http://localhost:3000/static/js/bundle.js:69228:5)
    at ModalUnstyled (http://localhost:3000/static/js/bundle.js:68412:5)
    at Modal (http://localhost:3000/static/js/bundle.js:57150:82)
    at ModalWrapper (http://localhost:3000/static/js/bundle.js:22028:5)
    at AppSettings (http://localhost:3000/static/js/bundle.js:4269:5)
    at div
    at div
    at div
    at div
    at div
    at AppLayout (http://localhost:3000/static/js/bundle.js:23361:89)
    at Routes (http://localhost:3000/static/js/bundle.js:169158:5)
    at ThemeProvider (http://localhost:3000/static/js/bundle.js:71680:5)
    at ThemeProvider (http://localhost:3000/static/js/bundle.js:72101:5)
    at Suspense
    at App (http://localhost:3000/static/js/bundle.js:52:89)
    at Router (http://localhost:3000/static/js/bundle.js:169091:15)
    at BrowserRouter (http://localhost:3000/static/js/bundle.js:168571:5)
    at Provider (http://localhost:3000/static/js/bundle.js:164851:20)

Consider adding an error boundary to your tree to customize error handling behavior.
Visit https://reactjs.org/link/error-boundaries to learn more about error boundaries. @ http://localhost:3000/static/js/bundle.js:154109
[  839700ms] TypeError: (0 , _styleConstants__WEBPACK_IMPORTED_MODULE_4__.GetDataTableBaseStyle) is not a function
    at OutputDataTablePMD (http://localhost:3000/static/js/bundle.js:8288:83)
    at renderWithHooks (http://localhost:3000/static/js/bundle.js:149125:22)
    at mountIndeterminateComponent (http://localhost:3000/static/js/bundle.js:151887:17)
    at beginWork (http://localhost:3000/static/js/bundle.js:153086:20)
    at HTMLUnknownElement.callCallback (http://localhost:3000/static/js/bundle.js:138075:18)
    at Object.invokeGuardedCallbackDev (http://localhost:3000/static/js/bundle.js:138124:20)
    at invokeGuardedCallback (http://localhost:3000/static/js/bundle.js:138184:35)
    at beginWork$1 (http://localhost:3000/static/js/bundle.js:157926:11)
    at performUnitOfWork (http://localhost:3000/static/js/bundle.js:156762:16)
    at workLoopSync (http://localhost:3000/static/js/bundle.js:156699:9)
[  839894ms] TypeError: (0 , _styleConstants__WEBPACK_IMPORTED_MODULE_4__.GetDataTableBaseStyle) is not a function
    at OutputDataTablePMD (http://localhost:3000/static/js/bundle.js:8288:83)
    at renderWithHooks (http://localhost:3000/static/js/bundle.js:149125:22)
    at mountIndeterminateComponent (http://localhost:3000/static/js/bundle.js:151887:17)
    at beginWork (http://localhost:3000/static/js/bundle.js:153086:20)
    at HTMLUnknownElement.callCallback (http://localhost:3000/static/js/bundle.js:138075:18)
    at Object.invokeGuardedCallbackDev (http://localhost:3000/static/js/bundle.js:138124:20)
    at invokeGuardedCallback (http://localhost:3000/static/js/bundle.js:138184:35)
    at beginWork$1 (http://localhost:3000/static/js/bundle.js:157926:11)
    at performUnitOfWork (http://localhost:3000/static/js/bundle.js:156762:16)
    at workLoopSync (http://localhost:3000/static/js/bundle.js:156699:9)
[  839896ms] TypeError: (0 , _styleConstants__WEBPACK_IMPORTED_MODULE_4__.GetDataTableBaseStyle) is not a function
    at OutputDataTableDIR (http://localhost:3000/static/js/bundle.js:5575:88)
    at renderWithHooks (http://localhost:3000/static/js/bundle.js:149125:22)
    at mountIndeterminateComponent (http://localhost:3000/static/js/bundle.js:151887:17)
    at beginWork (http://localhost:3000/static/js/bundle.js:153086:20)
    at HTMLUnknownElement.callCallback (http://localhost:3000/static/js/bundle.js:138075:18)
    at Object.invokeGuardedCallbackDev (http://localhost:3000/static/js/bundle.js:138124:20)
    at invokeGuardedCallback (http://localhost:3000/static/js/bundle.js:138184:35)
    at beginWork$1 (http://localhost:3000/static/js/bundle.js:157926:11)
    at performUnitOfWork (http://localhost:3000/static/js/bundle.js:156762:16)
    at workLoopSync (http://localhost:3000/static/js/bundle.js:156699:9)
[  840050ms] [ERROR] The above error occurred in the <OutputDataTablePMD> component:

    at OutputDataTablePMD (http://localhost:3000/static/js/bundle.js:8042:89)
    at div
    at TrapFocus (http://localhost:3000/static/js/bundle.js:69656:5)
    at div
    at http://localhost:3000/static/js/bundle.js:42373:66
    at Portal (http://localhost:3000/static/js/bundle.js:69228:5)
    at ModalUnstyled (http://localhost:3000/static/js/bundle.js:68412:5)
    at Modal (http://localhost:3000/static/js/bundle.js:57150:82)
    at ModalWrapper (http://localhost:3000/static/js/bundle.js:22028:5)
    at AppSettings (http://localhost:3000/static/js/bundle.js:4269:5)
    at div
    at div
    at div
    at div
    at div
    at AppLayout (http://localhost:3000/static/js/bundle.js:23361:89)
    at Routes (http://localhost:3000/static/js/bundle.js:169158:5)
    at ThemeProvider (http://localhost:3000/static/js/bundle.js:71680:5)
    at ThemeProvider (http://localhost:3000/static/js/bundle.js:72101:5)
    at Suspense
    at App (http://localhost:3000/static/js/bundle.js:52:89)
    at Router (http://localhost:3000/static/js/bundle.js:169091:15)
    at BrowserRouter (http://localhost:3000/static/js/bundle.js:168571:5)
    at Provider (http://localhost:3000/static/js/bundle.js:164851:20)

Consider adding an error boundary to your tree to customize error handling behavior.
Visit https://reactjs.org/link/error-boundaries to learn more about error boundaries. @ http://localhost:3000/static/js/bundle.js:154109
[  840051ms] [ERROR] The above error occurred in the <OutputDataTableDIR> component:

    at OutputDataTableDIR (http://localhost:3000/static/js/bundle.js:5300:89)
    at div
    at TrapFocus (http://localhost:3000/static/js/bundle.js:69656:5)
    at div
    at http://localhost:3000/static/js/bundle.js:42373:66
    at Portal (http://localhost:3000/static/js/bundle.js:69228:5)
    at ModalUnstyled (http://localhost:3000/static/js/bundle.js:68412:5)
    at Modal (http://localhost:3000/static/js/bundle.js:57150:82)
    at ModalWrapper (http://localhost:3000/static/js/bundle.js:22028:5)
    at AppSettings (http://localhost:3000/static/js/bundle.js:4269:5)
    at div
    at div
    at div
    at div
    at div
    at AppLayout (http://localhost:3000/static/js/bundle.js:23361:89)
    at Routes (http://localhost:3000/static/js/bundle.js:169158:5)
    at ThemeProvider (http://localhost:3000/static/js/bundle.js:71680:5)
    at ThemeProvider (http://localhost:3000/static/js/bundle.js:72101:5)
    at Suspense
    at App (http://localhost:3000/static/js/bundle.js:52:89)
    at Router (http://localhost:3000/static/js/bundle.js:169091:15)
    at BrowserRouter (http://localhost:3000/static/js/bundle.js:168571:5)
    at Provider (http://localhost:3000/static/js/bundle.js:164851:20)

Consider adding an error boundary to your tree to customize error handling behavior.
Visit https://reactjs.org/link/error-boundaries to learn more about error boundaries. @ http://localhost:3000/static/js/bundle.js:154109
[  840078ms] TypeError: (0 , _styleConstants__WEBPACK_IMPORTED_MODULE_4__.GetDataTableBaseStyle) is not a function
    at OutputDataTablePMD (http://localhost:3000/static/js/bundle.js:8288:83)
    at renderWithHooks (http://localhost:3000/static/js/bundle.js:149125:22)
    at mountIndeterminateComponent (http://localhost:3000/static/js/bundle.js:151887:17)
    at beginWork (http://localhost:3000/static/js/bundle.js:153086:20)
    at HTMLUnknownElement.callCallback (http://localhost:3000/static/js/bundle.js:138075:18)
    at Object.invokeGuardedCallbackDev (http://localhost:3000/static/js/bundle.js:138124:20)
    at invokeGuardedCallback (http://localhost:3000/static/js/bundle.js:138184:35)
    at beginWork$1 (http://localhost:3000/static/js/bundle.js:157926:11)
    at performUnitOfWork (http://localhost:3000/static/js/bundle.js:156762:16)
    at workLoopSync (http://localhost:3000/static/js/bundle.js:156699:9)
[  840214ms] ReferenceError: GetDataTableBaseStyle is not defined
    at OutputDataTableDIR (http://localhost:3000/main.4e23815a4b7797999e34.hot-update.js:327:13)
    at renderWithHooks (http://localhost:3000/static/js/bundle.js:149125:22)
    at mountIndeterminateComponent (http://localhost:3000/static/js/bundle.js:151887:17)
    at beginWork (http://localhost:3000/static/js/bundle.js:153086:20)
    at HTMLUnknownElement.callCallback (http://localhost:3000/static/js/bundle.js:138075:18)
    at Object.invokeGuardedCallbackDev (http://localhost:3000/static/js/bundle.js:138124:20)
    at invokeGuardedCallback (http://localhost:3000/static/js/bundle.js:138184:35)
    at beginWork$1 (http://localhost:3000/static/js/bundle.js:157926:11)
    at performUnitOfWork (http://localhost:3000/static/js/bundle.js:156762:16)
    at workLoopSync (http://localhost:3000/static/js/bundle.js:156699:9)
[  840394ms] [ERROR] The above error occurred in the <OutputDataTableDIR> component:

    at OutputDataTableDIR (http://localhost:3000/main.4e23815a4b7797999e34.hot-update.js:52:89)
    at div
    at TrapFocus (http://localhost:3000/static/js/bundle.js:69656:5)
    at div
    at http://localhost:3000/static/js/bundle.js:42373:66
    at Portal (http://localhost:3000/static/js/bundle.js:69228:5)
    at ModalUnstyled (http://localhost:3000/static/js/bundle.js:68412:5)
    at Modal (http://localhost:3000/static/js/bundle.js:57150:82)
    at ModalWrapper (http://localhost:3000/static/js/bundle.js:22028:5)
    at AppSettings (http://localhost:3000/static/js/bundle.js:4269:5)
    at div
    at div
    at div
    at div
    at div
    at AppLayout (http://localhost:3000/static/js/bundle.js:23361:89)
    at Routes (http://localhost:3000/static/js/bundle.js:169158:5)
    at ThemeProvider (http://localhost:3000/static/js/bundle.js:71680:5)
    at ThemeProvider (http://localhost:3000/static/js/bundle.js:72101:5)
    at Suspense
    at App (http://localhost:3000/static/js/bundle.js:52:89)
    at Router (http://localhost:3000/static/js/bundle.js:169091:15)
    at BrowserRouter (http://localhost:3000/static/js/bundle.js:168571:5)
    at Provider (http://localhost:3000/static/js/bundle.js:164851:20)

Consider adding an error boundary to your tree to customize error handling behavior.
Visit https://reactjs.org/link/error-boundaries to learn more about error boundaries. @ http://localhost:3000/static/js/bundle.js:154109
[  840398ms] ReferenceError: GetDataTableBaseStyle is not defined
    at OutputDataTableDIR (http://localhost:3000/main.4e23815a4b7797999e34.hot-update.js:327:13)
    at renderWithHooks (http://localhost:3000/static/js/bundle.js:149125:22)
    at mountIndeterminateComponent (http://localhost:3000/static/js/bundle.js:151887:17)
    at beginWork (http://localhost:3000/static/js/bundle.js:153086:20)
    at HTMLUnknownElement.callCallback (http://localhost:3000/static/js/bundle.js:138075:18)
    at Object.invokeGuardedCallbackDev (http://localhost:3000/static/js/bundle.js:138124:20)
    at invokeGuardedCallback (http://localhost:3000/static/js/bundle.js:138184:35)
    at beginWork$1 (http://localhost:3000/static/js/bundle.js:157926:11)
    at performUnitOfWork (http://localhost:3000/static/js/bundle.js:156762:16)
    at workLoopSync (http://localhost:3000/static/js/bundle.js:156699:9)
[  862721ms] TypeError: Cannot read properties of undefined (reading 'current')
    at Object.scrollToIndexes (http://localhost:3000/static/js/bundle.js:100854:73)
    at http://localhost:3000/static/js/bundle.js:14280:24
    at invokePassiveEffectCreate (http://localhost:3000/static/js/bundle.js:157459:24)
    at HTMLUnknownElement.callCallback (http://localhost:3000/static/js/bundle.js:138075:18)
    at Object.invokeGuardedCallbackDev (http://localhost:3000/static/js/bundle.js:138124:20)
    at invokeGuardedCallback (http://localhost:3000/static/js/bundle.js:138184:35)
    at flushPassiveEffectsImpl (http://localhost:3000/static/js/bundle.js:157541:13)
    at unstable_runWithPriority (http://localhost:3000/static/js/bundle.js:180008:16)
    at runWithPriority$1 (http://localhost:3000/static/js/bundle.js:145481:14)
    at flushPassiveEffects (http://localhost:3000/static/js/bundle.js:157418:18)
[  862777ms] [ERROR] The above error occurred in the <StatisticsDataTablePMD> component:

    at StatisticsDataTablePMD (http://localhost:3000/main.b22c39a219f4325c78bc.hot-update.js:55:5)
    at div
    at Tables (http://localhost:3000/static/js/bundle.js:28806:5)
    at div
    at PCAPage (http://localhost:3000/static/js/bundle.js:28613:7)
    at ErrorBoundary (http://localhost:3000/static/js/bundle.js:18735:5)
    at Outlet (http://localhost:3000/static/js/bundle.js:169066:26)
    at div
    at div
    at AppLayout (http://localhost:3000/static/js/bundle.js:23361:89)
    at Routes (http://localhost:3000/static/js/bundle.js:169158:5)
    at ThemeProvider (http://localhost:3000/static/js/bundle.js:71680:5)
    at ThemeProvider (http://localhost:3000/static/js/bundle.js:72101:5)
    at Suspense
    at App (http://localhost:3000/static/js/bundle.js:52:89)
    at Router (http://localhost:3000/static/js/bundle.js:169091:15)
    at BrowserRouter (http://localhost:3000/static/js/bundle.js:168571:5)
    at Provider (http://localhost:3000/static/js/bundle.js:164851:20)

React will try to recreate this component tree from scratch using the error boundary you provided, ErrorBoundary. @ http://localhost:3000/static/js/bundle.js:154109
[  862793ms] [ERROR] ErrorBoundary caught: TypeError: Cannot read properties of undefined (reading 'current')
    at Object.scrollToIndexes (http://localhost:3000/static/js/bundle.js:100854:73)
    at http://localhost:3000/static/js/bundle.js:14280:24
    at invokePassiveEffectCreate (http://localhost:3000/static/js/bundle.js:157459:24)
    at HTMLUnknownElement.callCallback (http://localhost:3000/static/js/bundle.js:138075:18)
    at Object.invokeGuardedCallbackDev (http://localhost:3000/static/js/bundle.js:138124:20)
    at invokeGuardedCallback (http://localhost:3000/static/js/bundle.js:138184:35)
    at flushPassiveEffectsImpl (http://localhost:3000/static/js/bundle.js:157541:13)
    at unstable_runWithPriority (http://localhost:3000/static/js/bundle.js:180008:16)
    at runWithPriority$1 (http://localhost:3000/static/js/bundle.js:145481:14)
    at flushPassiveEffects (http://localhost:3000/static/js/bundle.js:157418:18) {componentStack: 
    at StatisticsDataTablePMD (http://localhost:3…p://localhost:3000/static/js/bundle.js:164851:20)} @ http://localhost:3000/static/js/bundle.js:18758
