[   35461ms] [ERROR] Warning: React has detected a change in the order of Hooks called by %s. This will lead to bugs and errors if not fixed. For more information, read the Rules of Hooks: https://reactjs.org/link/rules-of-hooks

   Previous render            Next render
   ------------------------------------------------------
%s   ^^^^^^^^^^^^^^^^^^^^^^^^^^^^^^^^^^^^^^^^^^^^^^^^^^^^^^
%s MetaDataTablePMD 1. useContext                 useContext
2. useState                   useState
3. useEffect                  useEffect
4. useState                   useState
5. useEffect                  useEffect
6. useState                   useState
7. useRef                     useRef
8. useEffect                  useEffect
9. useEffect                  useEffect
10. useState                  useState
11. useEffect                 useEffect
12. useRef                    useRef
13. useEffect                 useEffect
14. useEffect                 useEffect
15. useEffect                 useEffect
16. useState                  useState
17. undefined                 useContext
 
    at MetaDataTablePMD (http://localhost:3000/static/js/bundle.js:7684:5)
    at div
    at PCAPage (http://localhost:3000/static/js/bundle.js:28618:7)
    at ErrorBoundary (http://localhost:3000/static/js/bundle.js:18740:5)
    at Outlet (http://localhost:3000/static/js/bundle.js:169071:26)
    at div
    at div
    at AppLayout (http://localhost:3000/static/js/bundle.js:23366:89)
    at Routes (http://localhost:3000/static/js/bundle.js:169163:5)
    at ThemeProvider (http://localhost:3000/static/js/bundle.js:71685:5)
    at ThemeProvider (http://localhost:3000/static/js/bundle.js:72106:5)
    at Suspense
    at App (http://localhost:3000/static/js/bundle.js:52:89)
    at Router (http://localhost:3000/static/js/bundle.js:169096:15)
    at BrowserRouter (http://localhost:3000/static/js/bundle.js:168576:5)
    at Provider (http://localhost:3000/static/js/bundle.js:164856:20) @ http://localhost:3000/static/js/bundle.js:134228
[   35486ms] [ERROR] Warning: React has detected a change in the order of Hooks called by %s. This will lead to bugs and errors if not fixed. For more information, read the Rules of Hooks: https://reactjs.org/link/rules-of-hooks

   Previous render            Next render
   ------------------------------------------------------
%s   ^^^^^^^^^^^^^^^^^^^^^^^^^^^^^^^^^^^^^^^^^^^^^^^^^^^^^^
%s DataTablePMD 1. useContext                 useContext
2. useContext                 useContext
3. useReducer                 useReducer
4. useMemo                    useMemo
5. useRef                     useRef
6. useRef                     useRef
7. useRef                     useRef
8. useRef                     useRef
9. useLayoutEffect            useLayoutEffect
10. useLayoutEffect           useLayoutEffect
11. useDebugValue             useDebugValue
12. useState                  useState
13. useState                  useState
14. useEffect                 useEffect
15. undefined                 useContext
 
    at DataTablePMD (http://localhost:3000/static/js/bundle.js:7309:5)
    at div
    at Tables (http://localhost:3000/static/js/bundle.js:28811:5)
    at div
    at PCAPage (http://localhost:3000/static/js/bundle.js:28618:7)
    at ErrorBoundary (http://localhost:3000/static/js/bundle.js:18740:5)
    at Outlet (http://localhost:3000/static/js/bundle.js:169071:26)
    at div
    at div
    at AppLayout (http://localhost:3000/static/js/bundle.js:23366:89)
    at Routes (http://localhost:3000/static/js/bundle.js:169163:5)
    at ThemeProvider (http://localhost:3000/static/js/bundle.js:71685:5)
    at ThemeProvider (http://localhost:3000/static/js/bundle.js:72106:5)
    at Suspense
    at App (http://localhost:3000/static/js/bundle.js:52:89)
    at Router (http://localhost:3000/static/js/bundle.js:169096:15)
    at BrowserRouter (http://localhost:3000/static/js/bundle.js:168576:5)
    at Provider (http://localhost:3000/static/js/bundle.js:164856:20) @ http://localhost:3000/static/js/bundle.js:134228
[  103865ms] [ERROR] Warning: %s is deprecated in StrictMode. %s was passed an instance of %s which is inside StrictMode. Instead, add a ref directly to the element you want to reference. Learn more about using refs safely here: https://reactjs.org/link/strict-mode-find-node%s findDOMNode findDOMNode DraggableCore 
    at div
    at http://localhost:3000/static/js/bundle.js:42378:66
    at Portal (http://localhost:3000/static/js/bundle.js:69233:5)
    at ModalUnstyled (http://localhost:3000/static/js/bundle.js:68417:5)
    at Modal (http://localhost:3000/static/js/bundle.js:57155:82)
    at DraggableCore (http://localhost:3000/static/js/bundle.js:161329:5)
    at Draggable (http://localhost:3000/static/js/bundle.js:160619:5)
    at ModalWrapper (http://localhost:3000/static/js/bundle.js:22033:5)
    at InterpretationSetter (http://localhost:3000/static/js/bundle.js:28425:5)
    at PCAPage (http://localhost:3000/static/js/bundle.js:28618:7)
    at ErrorBoundary (http://localhost:3000/static/js/bundle.js:18740:5)
    at Outlet (http://localhost:3000/static/js/bundle.js:169071:26)
    at div
    at div
    at AppLayout (http://localhost:3000/static/js/bundle.js:23366:89)
    at Routes (http://localhost:3000/static/js/bundle.js:169163:5)
    at ThemeProvider (http://localhost:3000/static/js/bundle.js:71685:5)
    at ThemeProvider (http://localhost:3000/static/js/bundle.js:72106:5)
    at Suspense
    at App (http://localhost:3000/static/js/bundle.js:52:89)
    at Router (http://localhost:3000/static/js/bundle.js:169096:15)
    at BrowserRouter (http://localhost:3000/static/js/bundle.js:168576:5)
    at Provider (http://localhost:3000/static/js/bundle.js:164856:20) @ http://localhost:3000/static/js/bundle.js:134228
[  103866ms] [ERROR] Warning: %s is deprecated in StrictMode. %s was passed an instance of %s which is inside StrictMode. Instead, add a ref directly to the element you want to reference. Learn more about using refs safely here: https://reactjs.org/link/strict-mode-find-node%s findDOMNode findDOMNode Draggable 
    at div
    at http://localhost:3000/static/js/bundle.js:42378:66
    at Portal (http://localhost:3000/static/js/bundle.js:69233:5)
    at ModalUnstyled (http://localhost:3000/static/js/bundle.js:68417:5)
    at Modal (http://localhost:3000/static/js/bundle.js:57155:82)
    at DraggableCore (http://localhost:3000/static/js/bundle.js:161329:5)
    at Draggable (http://localhost:3000/static/js/bundle.js:160619:5)
    at ModalWrapper (http://localhost:3000/static/js/bundle.js:22033:5)
    at InterpretationSetter (http://localhost:3000/static/js/bundle.js:28425:5)
    at PCAPage (http://localhost:3000/static/js/bundle.js:28618:7)
    at ErrorBoundary (http://localhost:3000/static/js/bundle.js:18740:5)
    at Outlet (http://localhost:3000/static/js/bundle.js:169071:26)
    at div
    at div
    at AppLayout (http://localhost:3000/static/js/bundle.js:23366:89)
    at Routes (http://localhost:3000/static/js/bundle.js:169163:5)
    at ThemeProvider (http://localhost:3000/static/js/bundle.js:71685:5)
    at ThemeProvider (http://localhost:3000/static/js/bundle.js:72106:5)
    at Suspense
    at App (http://localhost:3000/static/js/bundle.js:52:89)
    at Router (http://localhost:3000/static/js/bundle.js:169096:15)
    at BrowserRouter (http://localhost:3000/static/js/bundle.js:168576:5)
    at Provider (http://localhost:3000/static/js/bundle.js:164856:20) @ http://localhost:3000/static/js/bundle.js:134228
[  120903ms] [ERROR] Warning: React has detected a change in the order of Hooks called by %s. This will lead to bugs and errors if not fixed. For more information, read the Rules of Hooks: https://reactjs.org/link/rules-of-hooks

   Previous render            Next render
   ------------------------------------------------------
%s   ^^^^^^^^^^^^^^^^^^^^^^^^^^^^^^^^^^^^^^^^^^^^^^^^^^^^^^
%s OutputDataTablePMD 1. useContext                 useContext
2. useContext                 useContext
3. useDebugValue              useDebugValue
4. useState                   useState
5. useCallback                useCallback
6. useContext                 useContext
7. useReducer                 useReducer
8. useMemo                    useMemo
9. useRef                     useRef
10. useRef                    useRef
11. useRef                    useRef
12. useRef                    useRef
13. useLayoutEffect           useLayoutEffect
14. useLayoutEffect           useLayoutEffect
15. useDebugValue             useDebugValue
16. useContext                useContext
17. useReducer                useReducer
18. useMemo                   useMemo
19. useRef                    useRef
20. useRef                    useRef
21. useRef                    useRef
22. useRef                    useRef
23. useLayoutEffect           useLayoutEffect
24. useLayoutEffect           useLayoutEffect
25. useDebugValue             useDebugValue
26. useState                  useState
27. useState                  useState
28. useEffect                 useEffect
29. useCallback               useCallback
30. useEffect                 useEffect
31. undefined                 useContext
 
    at OutputDataTablePMD (http://localhost:3000/static/js/bundle.js:8037:89)
    at div
    at TrapFocus (http://localhost:3000/static/js/bundle.js:69661:5)
    at div
    at http://localhost:3000/static/js/bundle.js:42378:66
    at Portal (http://localhost:3000/static/js/bundle.js:69233:5)
    at ModalUnstyled (http://localhost:3000/static/js/bundle.js:68417:5)
    at Modal (http://localhost:3000/static/js/bundle.js:57155:82)
    at ModalWrapper (http://localhost:3000/static/js/bundle.js:22033:5)
    at AppSettings (http://localhost:3000/static/js/bundle.js:4258:5)
    at div
    at div
    at div
    at div
    at div
    at AppLayout (http://localhost:3000/static/js/bundle.js:23366:89)
    at Routes (http://localhost:3000/static/js/bundle.js:169163:5)
    at ThemeProvider (http://localhost:3000/static/js/bundle.js:71685:5)
    at ThemeProvider (http://localhost:3000/static/js/bundle.js:72106:5)
    at Suspense
    at App (http://localhost:3000/static/js/bundle.js:52:89)
    at Router (http://localhost:3000/static/js/bundle.js:169096:15)
    at BrowserRouter (http://localhost:3000/static/js/bundle.js:168576:5)
    at Provider (http://localhost:3000/static/js/bundle.js:164856:20) @ http://localhost:3000/static/js/bundle.js:134228
[  120995ms] [ERROR] Warning: React has detected a change in the order of Hooks called by %s. This will lead to bugs and errors if not fixed. For more information, read the Rules of Hooks: https://reactjs.org/link/rules-of-hooks

   Previous render            Next render
   ------------------------------------------------------
%s   ^^^^^^^^^^^^^^^^^^^^^^^^^^^^^^^^^^^^^^^^^^^^^^^^^^^^^^
%s StatisticsDataTablePMD 1. useContext                 useContext
2. useContext                 useContext
3. useDebugValue              useDebugValue
4. useRef                     useRef
5. useState                   useState
6. useCallback                useCallback
7. useContext                 useContext
8. useReducer                 useReducer
9. useMemo                    useMemo
10. useRef                    useRef
11. useRef                    useRef
12. useRef                    useRef
13. useRef                    useRef
14. useLayoutEffect           useLayoutEffect
15. useLayoutEffect           useLayoutEffect
16. useDebugValue             useDebugValue
17. useState                  useState
18. useContext                useContext
19. useReducer                useReducer
20. useMemo                   useMemo
21. useRef                    useRef
22. useRef                    useRef
23. useRef                    useRef
24. useRef                    useRef
25. useLayoutEffect           useLayoutEffect
26. useLayoutEffect           useLayoutEffect
27. useDebugValue             useDebugValue
28. useEffect                 useEffect
29. useEffect                 useEffect
30. useCallback               useCallback
31. useEffect                 useEffect
32. useCallback               useCallback
33. undefined                 useContext
 
    at StatisticsDataTablePMD (http://localhost:3000/static/js/bundle.js:8503:5)
    at div
    at Tables (http://localhost:3000/static/js/bundle.js:28811:5)
    at div
    at PCAPage (http://localhost:3000/static/js/bundle.js:28618:7)
    at ErrorBoundary (http://localhost:3000/static/js/bundle.js:18740:5)
    at Outlet (http://localhost:3000/static/js/bundle.js:169071:26)
    at div
    at div
    at AppLayout (http://localhost:3000/static/js/bundle.js:23366:89)
    at Routes (http://localhost:3000/static/js/bundle.js:169163:5)
    at ThemeProvider (http://localhost:3000/static/js/bundle.js:71685:5)
    at ThemeProvider (http://localhost:3000/static/js/bundle.js:72106:5)
    at Suspense
    at App (http://localhost:3000/static/js/bundle.js:52:89)
    at Router (http://localhost:3000/static/js/bundle.js:169096:15)
    at BrowserRouter (http://localhost:3000/static/js/bundle.js:168576:5)
    at Provider (http://localhost:3000/static/js/bundle.js:164856:20) @ http://localhost:3000/static/js/bundle.js:134228
